{"C:\\Source\\Github\\cloud-foundry-config-client\\src\\cloudFoundryConfigClient.ts": {"path":"C:\\Source\\Github\\cloud-foundry-config-client\\src\\cloudFoundryConfigClient.ts","statementMap":{"0":{"start":{"line":1,"column":15},"end":{"line":8,"column":1}},"1":{"start":{"line":2,"column":4},"end":{"line":6,"column":5}},"2":{"start":{"line":3,"column":8},"end":{"line":3,"column":25}},"3":{"start":{"line":4,"column":8},"end":{"line":5,"column":24}},"4":{"start":{"line":4,"column":25},"end":{"line":5,"column":24}},"5":{"start":{"line":5,"column":12},"end":{"line":5,"column":24}},"6":{"start":{"line":7,"column":4},"end":{"line":7,"column":13}},"7":{"start":{"line":9,"column":16},"end":{"line":16,"column":1}},"8":{"start":{"line":10,"column":4},"end":{"line":15,"column":7}},"9":{"start":{"line":11,"column":36},"end":{"line":11,"column":97}},"10":{"start":{"line":11,"column":42},"end":{"line":11,"column":70}},"11":{"start":{"line":11,"column":85},"end":{"line":11,"column":95}},"12":{"start":{"line":12,"column":35},"end":{"line":12,"column":100}},"13":{"start":{"line":12,"column":41},"end":{"line":12,"column":73}},"14":{"start":{"line":12,"column":88},"end":{"line":12,"column":98}},"15":{"start":{"line":13,"column":32},"end":{"line":13,"column":149}},"16":{"start":{"line":13,"column":97},"end":{"line":13,"column":119}},"17":{"start":{"line":14,"column":8},"end":{"line":14,"column":78}},"18":{"start":{"line":17,"column":18},"end":{"line":43,"column":1}},"19":{"start":{"line":18,"column":12},"end":{"line":18,"column":104}},"20":{"start":{"line":18,"column":43},"end":{"line":18,"column":68}},"21":{"start":{"line":18,"column":57},"end":{"line":18,"column":68}},"22":{"start":{"line":18,"column":69},"end":{"line":18,"column":81}},"23":{"start":{"line":19,"column":4},"end":{"line":19,"column":157}},"24":{"start":{"line":19,"column":138},"end":{"line":19,"column":150}},"25":{"start":{"line":20,"column":23},"end":{"line":20,"column":68}},"26":{"start":{"line":20,"column":45},"end":{"line":20,"column":65}},"27":{"start":{"line":22,"column":8},"end":{"line":22,"column":70}},"28":{"start":{"line":22,"column":15},"end":{"line":22,"column":70}},"29":{"start":{"line":23,"column":8},"end":{"line":40,"column":66}},"30":{"start":{"line":23,"column":18},"end":{"line":40,"column":66}},"31":{"start":{"line":24,"column":12},"end":{"line":24,"column":127}},"32":{"start":{"line":24,"column":118},"end":{"line":24,"column":127}},"33":{"start":{"line":25,"column":12},"end":{"line":25,"column":44}},"34":{"start":{"line":25,"column":26},"end":{"line":25,"column":44}},"35":{"start":{"line":26,"column":12},"end":{"line":38,"column":13}},"36":{"start":{"line":27,"column":32},"end":{"line":27,"column":39}},"37":{"start":{"line":27,"column":40},"end":{"line":27,"column":46}},"38":{"start":{"line":28,"column":24},"end":{"line":28,"column":34}},"39":{"start":{"line":28,"column":35},"end":{"line":28,"column":72}},"40":{"start":{"line":29,"column":24},"end":{"line":29,"column":34}},"41":{"start":{"line":29,"column":35},"end":{"line":29,"column":45}},"42":{"start":{"line":29,"column":46},"end":{"line":29,"column":55}},"43":{"start":{"line":29,"column":56},"end":{"line":29,"column":65}},"44":{"start":{"line":30,"column":24},"end":{"line":30,"column":41}},"45":{"start":{"line":30,"column":42},"end":{"line":30,"column":55}},"46":{"start":{"line":30,"column":56},"end":{"line":30,"column":65}},"47":{"start":{"line":32,"column":20},"end":{"line":32,"column":128}},"48":{"start":{"line":32,"column":110},"end":{"line":32,"column":116}},"49":{"start":{"line":32,"column":117},"end":{"line":32,"column":126}},"50":{"start":{"line":33,"column":20},"end":{"line":33,"column":106}},"51":{"start":{"line":33,"column":81},"end":{"line":33,"column":97}},"52":{"start":{"line":33,"column":98},"end":{"line":33,"column":104}},"53":{"start":{"line":34,"column":20},"end":{"line":34,"column":89}},"54":{"start":{"line":34,"column":57},"end":{"line":34,"column":72}},"55":{"start":{"line":34,"column":73},"end":{"line":34,"column":80}},"56":{"start":{"line":34,"column":81},"end":{"line":34,"column":87}},"57":{"start":{"line":35,"column":20},"end":{"line":35,"column":87}},"58":{"start":{"line":35,"column":47},"end":{"line":35,"column":62}},"59":{"start":{"line":35,"column":63},"end":{"line":35,"column":78}},"60":{"start":{"line":35,"column":79},"end":{"line":35,"column":85}},"61":{"start":{"line":36,"column":20},"end":{"line":36,"column":42}},"62":{"start":{"line":36,"column":30},"end":{"line":36,"column":42}},"63":{"start":{"line":37,"column":20},"end":{"line":37,"column":33}},"64":{"start":{"line":37,"column":34},"end":{"line":37,"column":43}},"65":{"start":{"line":39,"column":12},"end":{"line":39,"column":39}},"66":{"start":{"line":40,"column":22},"end":{"line":40,"column":34}},"67":{"start":{"line":40,"column":35},"end":{"line":40,"column":41}},"68":{"start":{"line":40,"column":54},"end":{"line":40,"column":64}},"69":{"start":{"line":41,"column":8},"end":{"line":41,"column":35}},"70":{"start":{"line":41,"column":23},"end":{"line":41,"column":35}},"71":{"start":{"line":41,"column":36},"end":{"line":41,"column":89}},"72":{"start":{"line":50,"column":18},"end":{"line":55,"column":2}},"73":{"start":{"line":53,"column":8},"end":{"line":53,"column":35}},"74":{"start":{"line":56,"column":20},"end":{"line":56,"column":53}},"75":{"start":{"line":66,"column":4},"end":{"line":66,"column":77}},"76":{"start":{"line":66,"column":36},"end":{"line":66,"column":75}},"77":{"start":{"line":67,"column":4},"end":{"line":75,"column":5}},"78":{"start":{"line":68,"column":8},"end":{"line":68,"column":53}},"79":{"start":{"line":71,"column":24},"end":{"line":71,"column":66}},"80":{"start":{"line":72,"column":8},"end":{"line":74,"column":17}},"81":{"start":{"line":85,"column":4},"end":{"line":97,"column":7}},"82":{"start":{"line":87,"column":8},"end":{"line":96,"column":11}},"83":{"start":{"line":88,"column":12},"end":{"line":95,"column":13}},"84":{"start":{"line":89,"column":24},"end":{"line":89,"column":124}},"85":{"start":{"line":91,"column":20},"end":{"line":91,"column":42}},"86":{"start":{"line":92,"column":20},"end":{"line":92,"column":43}},"87":{"start":{"line":93,"column":20},"end":{"line":93,"column":84}},"88":{"start":{"line":94,"column":20},"end":{"line":94,"column":53}},"89":{"start":{"line":108,"column":4},"end":{"line":108,"column":45}},"90":{"start":{"line":108,"column":30},"end":{"line":108,"column":43}},"91":{"start":{"line":109,"column":4},"end":{"line":133,"column":7}},"92":{"start":{"line":111,"column":8},"end":{"line":132,"column":11}},"93":{"start":{"line":112,"column":12},"end":{"line":131,"column":13}},"94":{"start":{"line":114,"column":20},"end":{"line":114,"column":201}},"95":{"start":{"line":115,"column":20},"end":{"line":117,"column":28}},"96":{"start":{"line":119,"column":20},"end":{"line":119,"column":41}},"97":{"start":{"line":120,"column":20},"end":{"line":120,"column":69}},"98":{"start":{"line":121,"column":20},"end":{"line":126,"column":28}},"99":{"start":{"line":128,"column":20},"end":{"line":128,"column":42}},"100":{"start":{"line":129,"column":20},"end":{"line":129,"column":43}},"101":{"start":{"line":130,"column":20},"end":{"line":130,"column":68}},"102":{"start":{"line":143,"column":4},"end":{"line":143,"column":37}},"103":{"start":{"line":155,"column":4},"end":{"line":155,"column":64}},"104":{"start":{"line":155,"column":36},"end":{"line":155,"column":62}},"105":{"start":{"line":156,"column":4},"end":{"line":156,"column":67}},"106":{"start":{"line":156,"column":37},"end":{"line":156,"column":65}},"107":{"start":{"line":157,"column":4},"end":{"line":168,"column":7}},"108":{"start":{"line":158,"column":8},"end":{"line":167,"column":11}},"109":{"start":{"line":159,"column":12},"end":{"line":166,"column":13}},"110":{"start":{"line":161,"column":20},"end":{"line":161,"column":72}},"111":{"start":{"line":161,"column":48},"end":{"line":161,"column":72}},"112":{"start":{"line":162,"column":20},"end":{"line":162,"column":64}},"113":{"start":{"line":163,"column":24},"end":{"line":163,"column":57}},"114":{"start":{"line":164,"column":24},"end":{"line":164,"column":69}},"115":{"start":{"line":165,"column":24},"end":{"line":165,"column":57}},"116":{"start":{"line":178,"column":4},"end":{"line":178,"column":85}},"117":{"start":{"line":178,"column":43},"end":{"line":178,"column":83}},"118":{"start":{"line":179,"column":18},"end":{"line":179,"column":32}},"119":{"start":{"line":179,"column":44},"end":{"line":179,"column":58}},"120":{"start":{"line":179,"column":79},"end":{"line":179,"column":102}},"121":{"start":{"line":179,"column":121},"end":{"line":179,"column":142}},"122":{"start":{"line":180,"column":24},"end":{"line":180,"column":71}},"123":{"start":{"line":182,"column":4},"end":{"line":191,"column":5}},"124":{"start":{"line":183,"column":26},"end":{"line":183,"column":133}},"125":{"start":{"line":183,"column":81},"end":{"line":183,"column":118}},"126":{"start":{"line":184,"column":8},"end":{"line":185,"column":45}},"127":{"start":{"line":188,"column":8},"end":{"line":190,"column":10}},"128":{"start":{"line":192,"column":4},"end":{"line":192,"column":24}},"129":{"start":{"line":200,"column":28},"end":{"line":228,"column":3}},"130":{"start":{"line":211,"column":4},"end":{"line":226,"column":6}},"131":{"start":{"line":212,"column":8},"end":{"line":225,"column":11}},"132":{"start":{"line":214,"column":12},"end":{"line":224,"column":15}},"133":{"start":{"line":215,"column":16},"end":{"line":223,"column":17}},"134":{"start":{"line":217,"column":24},"end":{"line":217,"column":57}},"135":{"start":{"line":218,"column":24},"end":{"line":218,"column":34}},"136":{"start":{"line":219,"column":24},"end":{"line":219,"column":59}},"137":{"start":{"line":221,"column":24},"end":{"line":221,"column":47}},"138":{"start":{"line":222,"column":24},"end":{"line":222,"column":46}},"139":{"start":{"line":227,"column":4},"end":{"line":227,"column":18}}},"fnMap":{"0":{"name":"(anonymous_0)","decl":{"start":{"line":1,"column":59},"end":{"line":1,"column":60}},"loc":{"start":{"line":1,"column":71},"end":{"line":8,"column":1}},"line":1},"1":{"name":"(anonymous_1)","decl":{"start":{"line":9,"column":44},"end":{"line":9,"column":45}},"loc":{"start":{"line":9,"column":89},"end":{"line":16,"column":1}},"line":9},"2":{"name":"(anonymous_2)","decl":{"start":{"line":10,"column":36},"end":{"line":10,"column":37}},"loc":{"start":{"line":10,"column":63},"end":{"line":15,"column":5}},"line":10},"3":{"name":"fulfilled","decl":{"start":{"line":11,"column":17},"end":{"line":11,"column":26}},"loc":{"start":{"line":11,"column":34},"end":{"line":11,"column":99}},"line":11},"4":{"name":"rejected","decl":{"start":{"line":12,"column":17},"end":{"line":12,"column":25}},"loc":{"start":{"line":12,"column":33},"end":{"line":12,"column":102}},"line":12},"5":{"name":"step","decl":{"start":{"line":13,"column":17},"end":{"line":13,"column":21}},"loc":{"start":{"line":13,"column":30},"end":{"line":13,"column":151}},"line":13},"6":{"name":"(anonymous_6)","decl":{"start":{"line":13,"column":76},"end":{"line":13,"column":77}},"loc":{"start":{"line":13,"column":95},"end":{"line":13,"column":121}},"line":13},"7":{"name":"(anonymous_7)","decl":{"start":{"line":17,"column":48},"end":{"line":17,"column":49}},"loc":{"start":{"line":17,"column":73},"end":{"line":43,"column":1}},"line":17},"8":{"name":"(anonymous_8)","decl":{"start":{"line":18,"column":30},"end":{"line":18,"column":31}},"loc":{"start":{"line":18,"column":41},"end":{"line":18,"column":83}},"line":18},"9":{"name":"(anonymous_9)","decl":{"start":{"line":19,"column":125},"end":{"line":19,"column":126}},"loc":{"start":{"line":19,"column":136},"end":{"line":19,"column":152}},"line":19},"10":{"name":"verb","decl":{"start":{"line":20,"column":13},"end":{"line":20,"column":17}},"loc":{"start":{"line":20,"column":21},"end":{"line":20,"column":70}},"line":20},"11":{"name":"(anonymous_11)","decl":{"start":{"line":20,"column":30},"end":{"line":20,"column":31}},"loc":{"start":{"line":20,"column":43},"end":{"line":20,"column":67}},"line":20},"12":{"name":"step","decl":{"start":{"line":21,"column":13},"end":{"line":21,"column":17}},"loc":{"start":{"line":21,"column":22},"end":{"line":42,"column":5}},"line":21},"13":{"name":"(anonymous_13)","decl":{"start":{"line":52,"column":15},"end":{"line":52,"column":16}},"loc":{"start":{"line":52,"column":33},"end":{"line":54,"column":5}},"line":52},"14":{"name":"loadVcapServices","decl":{"start":{"line":65,"column":16},"end":{"line":65,"column":32}},"loc":{"start":{"line":65,"column":63},"end":{"line":76,"column":1}},"line":65},"15":{"name":"loadLocal","decl":{"start":{"line":84,"column":16},"end":{"line":84,"column":25}},"loc":{"start":{"line":84,"column":34},"end":{"line":98,"column":1}},"line":84},"16":{"name":"(anonymous_16)","decl":{"start":{"line":85,"column":43},"end":{"line":85,"column":44}},"loc":{"start":{"line":85,"column":55},"end":{"line":97,"column":5}},"line":85},"17":{"name":"(anonymous_17)","decl":{"start":{"line":87,"column":33},"end":{"line":87,"column":34}},"loc":{"start":{"line":87,"column":47},"end":{"line":96,"column":9}},"line":87},"18":{"name":"loadRemote","decl":{"start":{"line":107,"column":16},"end":{"line":107,"column":26}},"loc":{"start":{"line":107,"column":44},"end":{"line":134,"column":1}},"line":107},"19":{"name":"(anonymous_19)","decl":{"start":{"line":109,"column":43},"end":{"line":109,"column":44}},"loc":{"start":{"line":109,"column":55},"end":{"line":133,"column":5}},"line":109},"20":{"name":"(anonymous_20)","decl":{"start":{"line":111,"column":33},"end":{"line":111,"column":34}},"loc":{"start":{"line":111,"column":47},"end":{"line":132,"column":9}},"line":111},"21":{"name":"isLocalConfig","decl":{"start":{"line":142,"column":16},"end":{"line":142,"column":29}},"loc":{"start":{"line":142,"column":38},"end":{"line":144,"column":1}},"line":142},"22":{"name":"load","decl":{"start":{"line":154,"column":16},"end":{"line":154,"column":20}},"loc":{"start":{"line":154,"column":60},"end":{"line":169,"column":1}},"line":154},"23":{"name":"(anonymous_23)","decl":{"start":{"line":157,"column":43},"end":{"line":157,"column":44}},"loc":{"start":{"line":157,"column":55},"end":{"line":168,"column":5}},"line":157},"24":{"name":"(anonymous_24)","decl":{"start":{"line":158,"column":33},"end":{"line":158,"column":34}},"loc":{"start":{"line":158,"column":47},"end":{"line":167,"column":9}},"line":158},"25":{"name":"getLoaderConfig","decl":{"start":{"line":177,"column":16},"end":{"line":177,"column":31}},"loc":{"start":{"line":177,"column":62},"end":{"line":193,"column":1}},"line":177},"26":{"name":"(anonymous_26)","decl":{"start":{"line":183,"column":64},"end":{"line":183,"column":65}},"loc":{"start":{"line":183,"column":79},"end":{"line":183,"column":120}},"line":183},"27":{"name":"(anonymous_27)","decl":{"start":{"line":200,"column":28},"end":{"line":200,"column":29}},"loc":{"start":{"line":200,"column":40},"end":{"line":228,"column":1}},"line":200},"28":{"name":"Config","decl":{"start":{"line":201,"column":13},"end":{"line":201,"column":19}},"loc":{"start":{"line":201,"column":22},"end":{"line":202,"column":5}},"line":201},"29":{"name":"(anonymous_29)","decl":{"start":{"line":211,"column":18},"end":{"line":211,"column":19}},"loc":{"start":{"line":211,"column":36},"end":{"line":226,"column":5}},"line":211},"30":{"name":"(anonymous_30)","decl":{"start":{"line":212,"column":47},"end":{"line":212,"column":48}},"loc":{"start":{"line":212,"column":59},"end":{"line":225,"column":9}},"line":212},"31":{"name":"(anonymous_31)","decl":{"start":{"line":214,"column":37},"end":{"line":214,"column":38}},"loc":{"start":{"line":214,"column":51},"end":{"line":224,"column":13}},"line":214}},"branchMap":{"0":{"loc":{"start":{"line":1,"column":15},"end":{"line":8,"column":1}},"type":"binary-expr","locations":[{"start":{"line":1,"column":16},"end":{"line":1,"column":20}},{"start":{"line":1,"column":24},"end":{"line":1,"column":37}},{"start":{"line":1,"column":42},"end":{"line":1,"column":55}},{"start":{"line":1,"column":59},"end":{"line":8,"column":1}}],"line":1},"1":{"loc":{"start":{"line":4,"column":25},"end":{"line":5,"column":24}},"type":"if","locations":[{"start":{"line":4,"column":25},"end":{"line":5,"column":24}},{"start":{"line":4,"column":25},"end":{"line":5,"column":24}}],"line":4},"2":{"loc":{"start":{"line":9,"column":16},"end":{"line":16,"column":1}},"type":"binary-expr","locations":[{"start":{"line":9,"column":17},"end":{"line":9,"column":21}},{"start":{"line":9,"column":25},"end":{"line":9,"column":39}},{"start":{"line":9,"column":44},"end":{"line":16,"column":1}}],"line":9},"3":{"loc":{"start":{"line":10,"column":16},"end":{"line":10,"column":34}},"type":"binary-expr","locations":[{"start":{"line":10,"column":16},"end":{"line":10,"column":17}},{"start":{"line":10,"column":22},"end":{"line":10,"column":33}}],"line":10},"4":{"loc":{"start":{"line":13,"column":32},"end":{"line":13,"column":148}},"type":"cond-expr","locations":[{"start":{"line":13,"column":46},"end":{"line":13,"column":67}},{"start":{"line":13,"column":70},"end":{"line":13,"column":148}}],"line":13},"5":{"loc":{"start":{"line":14,"column":51},"end":{"line":14,"column":67}},"type":"binary-expr","locations":[{"start":{"line":14,"column":51},"end":{"line":14,"column":61}},{"start":{"line":14,"column":65},"end":{"line":14,"column":67}}],"line":14},"6":{"loc":{"start":{"line":17,"column":18},"end":{"line":43,"column":1}},"type":"binary-expr","locations":[{"start":{"line":17,"column":19},"end":{"line":17,"column":23}},{"start":{"line":17,"column":27},"end":{"line":17,"column":43}},{"start":{"line":17,"column":48},"end":{"line":43,"column":1}}],"line":17},"7":{"loc":{"start":{"line":18,"column":43},"end":{"line":18,"column":68}},"type":"if","locations":[{"start":{"line":18,"column":43},"end":{"line":18,"column":68}},{"start":{"line":18,"column":43},"end":{"line":18,"column":68}}],"line":18},"8":{"loc":{"start":{"line":19,"column":71},"end":{"line":19,"column":153}},"type":"binary-expr","locations":[{"start":{"line":19,"column":71},"end":{"line":19,"column":99}},{"start":{"line":19,"column":104},"end":{"line":19,"column":152}}],"line":19},"9":{"loc":{"start":{"line":22,"column":8},"end":{"line":22,"column":70}},"type":"if","locations":[{"start":{"line":22,"column":8},"end":{"line":22,"column":70}},{"start":{"line":22,"column":8},"end":{"line":22,"column":70}}],"line":22},"10":{"loc":{"start":{"line":24,"column":12},"end":{"line":24,"column":127}},"type":"if","locations":[{"start":{"line":24,"column":12},"end":{"line":24,"column":127}},{"start":{"line":24,"column":12},"end":{"line":24,"column":127}}],"line":24},"11":{"loc":{"start":{"line":24,"column":23},"end":{"line":24,"column":116}},"type":"binary-expr","locations":[{"start":{"line":24,"column":23},"end":{"line":24,"column":24}},{"start":{"line":24,"column":29},"end":{"line":24,"column":83}},{"start":{"line":24,"column":88},"end":{"line":24,"column":116}}],"line":24},"12":{"loc":{"start":{"line":24,"column":35},"end":{"line":24,"column":82}},"type":"cond-expr","locations":[{"start":{"line":24,"column":47},"end":{"line":24,"column":55}},{"start":{"line":24,"column":58},"end":{"line":24,"column":82}}],"line":24},"13":{"loc":{"start":{"line":24,"column":58},"end":{"line":24,"column":82}},"type":"cond-expr","locations":[{"start":{"line":24,"column":66},"end":{"line":24,"column":73}},{"start":{"line":24,"column":76},"end":{"line":24,"column":82}}],"line":24},"14":{"loc":{"start":{"line":25,"column":12},"end":{"line":25,"column":44}},"type":"if","locations":[{"start":{"line":25,"column":12},"end":{"line":25,"column":44}},{"start":{"line":25,"column":12},"end":{"line":25,"column":44}}],"line":25},"15":{"loc":{"start":{"line":26,"column":12},"end":{"line":38,"column":13}},"type":"switch","locations":[{"start":{"line":27,"column":16},"end":{"line":27,"column":23}},{"start":{"line":27,"column":24},"end":{"line":27,"column":46}},{"start":{"line":28,"column":16},"end":{"line":28,"column":72}},{"start":{"line":29,"column":16},"end":{"line":29,"column":65}},{"start":{"line":30,"column":16},"end":{"line":30,"column":65}},{"start":{"line":31,"column":16},"end":{"line":37,"column":43}}],"line":26},"16":{"loc":{"start":{"line":32,"column":20},"end":{"line":32,"column":128}},"type":"if","locations":[{"start":{"line":32,"column":20},"end":{"line":32,"column":128}},{"start":{"line":32,"column":20},"end":{"line":32,"column":128}}],"line":32},"17":{"loc":{"start":{"line":32,"column":24},"end":{"line":32,"column":106}},"type":"binary-expr","locations":[{"start":{"line":32,"column":24},"end":{"line":32,"column":74}},{"start":{"line":32,"column":79},"end":{"line":32,"column":90}},{"start":{"line":32,"column":94},"end":{"line":32,"column":105}}],"line":32},"18":{"loc":{"start":{"line":32,"column":42},"end":{"line":32,"column":73}},"type":"binary-expr","locations":[{"start":{"line":32,"column":42},"end":{"line":32,"column":54}},{"start":{"line":32,"column":58},"end":{"line":32,"column":73}}],"line":32},"19":{"loc":{"start":{"line":33,"column":20},"end":{"line":33,"column":106}},"type":"if","locations":[{"start":{"line":33,"column":20},"end":{"line":33,"column":106}},{"start":{"line":33,"column":20},"end":{"line":33,"column":106}}],"line":33},"20":{"loc":{"start":{"line":33,"column":24},"end":{"line":33,"column":77}},"type":"binary-expr","locations":[{"start":{"line":33,"column":24},"end":{"line":33,"column":35}},{"start":{"line":33,"column":40},"end":{"line":33,"column":42}},{"start":{"line":33,"column":47},"end":{"line":33,"column":59}},{"start":{"line":33,"column":63},"end":{"line":33,"column":75}}],"line":33},"21":{"loc":{"start":{"line":34,"column":20},"end":{"line":34,"column":89}},"type":"if","locations":[{"start":{"line":34,"column":20},"end":{"line":34,"column":89}},{"start":{"line":34,"column":20},"end":{"line":34,"column":89}}],"line":34},"22":{"loc":{"start":{"line":34,"column":24},"end":{"line":34,"column":53}},"type":"binary-expr","locations":[{"start":{"line":34,"column":24},"end":{"line":34,"column":35}},{"start":{"line":34,"column":39},"end":{"line":34,"column":53}}],"line":34},"23":{"loc":{"start":{"line":35,"column":20},"end":{"line":35,"column":87}},"type":"if","locations":[{"start":{"line":35,"column":20},"end":{"line":35,"column":87}},{"start":{"line":35,"column":20},"end":{"line":35,"column":87}}],"line":35},"24":{"loc":{"start":{"line":35,"column":24},"end":{"line":35,"column":43}},"type":"binary-expr","locations":[{"start":{"line":35,"column":24},"end":{"line":35,"column":25}},{"start":{"line":35,"column":29},"end":{"line":35,"column":43}}],"line":35},"25":{"loc":{"start":{"line":36,"column":20},"end":{"line":36,"column":42}},"type":"if","locations":[{"start":{"line":36,"column":20},"end":{"line":36,"column":42}},{"start":{"line":36,"column":20},"end":{"line":36,"column":42}}],"line":36},"26":{"loc":{"start":{"line":41,"column":8},"end":{"line":41,"column":35}},"type":"if","locations":[{"start":{"line":41,"column":8},"end":{"line":41,"column":35}},{"start":{"line":41,"column":8},"end":{"line":41,"column":35}}],"line":41},"27":{"loc":{"start":{"line":41,"column":52},"end":{"line":41,"column":74}},"type":"cond-expr","locations":[{"start":{"line":41,"column":60},"end":{"line":41,"column":65}},{"start":{"line":41,"column":68},"end":{"line":41,"column":74}}],"line":41},"28":{"loc":{"start":{"line":66,"column":4},"end":{"line":66,"column":77}},"type":"if","locations":[{"start":{"line":66,"column":4},"end":{"line":66,"column":77}},{"start":{"line":66,"column":4},"end":{"line":66,"column":77}}],"line":66},"29":{"loc":{"start":{"line":67,"column":4},"end":{"line":75,"column":5}},"type":"if","locations":[{"start":{"line":67,"column":4},"end":{"line":75,"column":5}},{"start":{"line":67,"column":4},"end":{"line":75,"column":5}}],"line":67},"30":{"loc":{"start":{"line":68,"column":15},"end":{"line":68,"column":52}},"type":"binary-expr","locations":[{"start":{"line":68,"column":15},"end":{"line":68,"column":46}},{"start":{"line":68,"column":50},"end":{"line":68,"column":52}}],"line":68},"31":{"loc":{"start":{"line":68,"column":26},"end":{"line":68,"column":45}},"type":"binary-expr","locations":[{"start":{"line":68,"column":26},"end":{"line":68,"column":39}},{"start":{"line":68,"column":43},"end":{"line":68,"column":45}}],"line":68},"32":{"loc":{"start":{"line":72,"column":15},"end":{"line":74,"column":16}},"type":"cond-expr","locations":[{"start":{"line":73,"column":14},"end":{"line":73,"column":60}},{"start":{"line":74,"column":14},"end":{"line":74,"column":16}}],"line":72},"33":{"loc":{"start":{"line":88,"column":12},"end":{"line":95,"column":13}},"type":"switch","locations":[{"start":{"line":89,"column":16},"end":{"line":89,"column":124}},{"start":{"line":90,"column":16},"end":{"line":94,"column":53}}],"line":88},"34":{"loc":{"start":{"line":108,"column":4},"end":{"line":108,"column":45}},"type":"if","locations":[{"start":{"line":108,"column":4},"end":{"line":108,"column":45}},{"start":{"line":108,"column":4},"end":{"line":108,"column":45}}],"line":108},"35":{"loc":{"start":{"line":112,"column":12},"end":{"line":131,"column":13}},"type":"switch","locations":[{"start":{"line":113,"column":16},"end":{"line":117,"column":28}},{"start":{"line":118,"column":16},"end":{"line":126,"column":28}},{"start":{"line":127,"column":16},"end":{"line":130,"column":68}}],"line":112},"36":{"loc":{"start":{"line":155,"column":4},"end":{"line":155,"column":64}},"type":"if","locations":[{"start":{"line":155,"column":4},"end":{"line":155,"column":64}},{"start":{"line":155,"column":4},"end":{"line":155,"column":64}}],"line":155},"37":{"loc":{"start":{"line":156,"column":4},"end":{"line":156,"column":67}},"type":"if","locations":[{"start":{"line":156,"column":4},"end":{"line":156,"column":67}},{"start":{"line":156,"column":4},"end":{"line":156,"column":67}}],"line":156},"38":{"loc":{"start":{"line":159,"column":12},"end":{"line":166,"column":13}},"type":"switch","locations":[{"start":{"line":160,"column":16},"end":{"line":162,"column":64}},{"start":{"line":163,"column":16},"end":{"line":163,"column":57}},{"start":{"line":164,"column":16},"end":{"line":164,"column":69}},{"start":{"line":165,"column":16},"end":{"line":165,"column":57}}],"line":159},"39":{"loc":{"start":{"line":161,"column":20},"end":{"line":161,"column":72}},"type":"if","locations":[{"start":{"line":161,"column":20},"end":{"line":161,"column":72}},{"start":{"line":161,"column":20},"end":{"line":161,"column":72}}],"line":161},"40":{"loc":{"start":{"line":178,"column":4},"end":{"line":178,"column":85}},"type":"if","locations":[{"start":{"line":178,"column":4},"end":{"line":178,"column":85}},{"start":{"line":178,"column":4},"end":{"line":178,"column":85}}],"line":178},"41":{"loc":{"start":{"line":182,"column":4},"end":{"line":191,"column":5}},"type":"if","locations":[{"start":{"line":182,"column":4},"end":{"line":191,"column":5}},{"start":{"line":182,"column":4},"end":{"line":191,"column":5}}],"line":182},"42":{"loc":{"start":{"line":215,"column":16},"end":{"line":223,"column":17}},"type":"switch","locations":[{"start":{"line":216,"column":20},"end":{"line":219,"column":59}},{"start":{"line":220,"column":20},"end":{"line":222,"column":46}}],"line":215}},"s":{"0":1,"1":0,"2":0,"3":0,"4":0,"5":0,"6":0,"7":1,"8":5,"9":5,"10":5,"11":0,"12":1,"13":1,"14":1,"15":10,"16":6,"17":5,"18":1,"19":5,"20":6,"21":1,"22":5,"23":5,"24":0,"25":15,"26":11,"27":11,"28":0,"29":11,"30":23,"31":23,"32":0,"33":23,"34":0,"35":23,"36":11,"37":11,"38":6,"39":6,"40":0,"41":0,"42":0,"43":0,"44":0,"45":0,"46":0,"47":6,"48":5,"49":5,"50":1,"51":1,"52":1,"53":0,"54":0,"55":0,"56":0,"57":0,"58":0,"59":0,"60":0,"61":0,"62":0,"63":0,"64":0,"65":12,"66":1,"67":1,"68":23,"69":5,"70":1,"71":4,"72":1,"73":0,"74":1,"75":6,"76":1,"77":6,"78":1,"79":5,"80":5,"81":2,"82":2,"83":4,"84":2,"85":2,"86":1,"87":1,"88":1,"89":1,"90":0,"91":1,"92":1,"93":3,"94":1,"95":1,"96":1,"97":1,"98":1,"99":1,"100":1,"101":1,"102":4,"103":2,"104":0,"105":2,"106":1,"107":2,"108":2,"109":5,"110":2,"111":1,"112":1,"113":1,"114":1,"115":1,"116":2,"117":0,"118":2,"119":2,"120":2,"121":2,"122":2,"123":2,"124":1,"125":1,"126":1,"127":1,"128":2,"129":1,"130":1,"131":0,"132":0,"133":0,"134":0,"135":0,"136":0,"137":0,"138":0,"139":1},"f":{"0":0,"1":5,"2":5,"3":5,"4":1,"5":10,"6":6,"7":5,"8":6,"9":0,"10":15,"11":11,"12":11,"13":0,"14":6,"15":2,"16":2,"17":4,"18":1,"19":1,"20":3,"21":4,"22":2,"23":2,"24":5,"25":2,"26":1,"27":1,"28":0,"29":0,"30":0,"31":0},"b":{"0":[1,0,1,0],"1":[0,0],"2":[1,0,1],"3":[5,5],"4":[4,6],"5":[5,5],"6":[1,0,1],"7":[1,5],"8":[5,5],"9":[0,11],"10":[0,23],"11":[23,0,0],"12":[0,0],"13":[0,0],"14":[0,23],"15":[10,11,6,0,0,6],"16":[5,1],"17":[6,6,5],"18":[6,0],"19":[1,0],"20":[1,1,0,0],"21":[0,0],"22":[0,0],"23":[0,0],"24":[0,0],"25":[0,0],"26":[1,4],"27":[4,0],"28":[1,5],"29":[1,5],"30":[1,0],"31":[1,0],"32":[5,0],"33":[2,2],"34":[0,1],"35":[1,1,1],"36":[0,2],"37":[1,1],"38":[2,1,1,1],"39":[1,1],"40":[0,2],"41":[1,1],"42":[0,0]},"inputSourceMap":{"version":3,"file":"cloudFoundryConfigClient.js","sourceRoot":"","sources":["cloudFoundryConfigClient.ts"],"names":[],"mappings":";;;;;;;;;;;;;;;;;;;;;;;;;;;;;;;;;;;;;;;;;;;AAAA,OAAO,KAAK,OAAO,MAAM,SAAS,CAAC;AACnC,OAAO,KAAK,EAAE,MAAM,IAAI,CAAC;AACzB,OAAO,KAAK,IAAI,MAAM,SAAS,CAAC;AAChC,OAAO,KAAK,IAAI,MAAM,MAAM,CAAC;AAC7B,OAAO,KAAK,EAAE,MAAM,wBAAwB,CAAC;AAC7C,OAAO,KAAK,IAAI,MAAM,MAAM,CAAC;AAE7B,IAAM,WAAW,GAAG,IAAI,IAAI,CAAC,IAAI,CAAC,MAAM,EAAE;IACxC,IAAI,EAAE,QAAQ;IACd,SAAS,EAAE,UAAS,MAAM;QACxB,MAAM,CAAC,OAAO,CAAC,GAAG,CAAC,MAAM,CAAC,CAAC;IAC7B,CAAC;CACF,CAAC,CAAC;AAEH,IAAM,aAAa,GAAG,IAAI,CAAC,MAAM,CAAC,MAAM,CAAC,CAAC,WAAW,CAAC,CAAC,CAAC;AAExD;;;;;;;GAOG;AACH,MAAM,2BACJ,aAAiC,EACjC,aAAsC;IAAtC,8BAAA,EAAA,sCAAsC;IAEtC,EAAE,CAAC,CAAC,aAAa,CAAC,CAAC,CAAC;QAClB,MAAM,CAAC,IAAI,CAAC,KAAK,CAAC,aAAa,IAAI,EAAE,CAAC,IAAI,EAAE,CAAC;IAC/C,CAAC;IAAC,IAAI,CAAC,CAAC;QACN,IAAM,SAAS,GAAG,IAAI,CAAC,OAAO,CAAC,OAAO,CAAC,GAAG,EAAE,EAAE,aAAa,CAAC,CAAC;QAC7D,MAAM,CAAC,EAAE,CAAC,UAAU,CAAC,SAAS,CAAC;YAC7B,CAAC,CAAC,IAAI,CAAC,KAAK,CAAC,EAAE,CAAC,YAAY,CAAC,SAAS,EAAE,MAAM,CAAC,CAAC;YAChD,CAAC,CAAC,EAAE,CAAC;IACT,CAAC;AACH,CAAC;AAYD;;;;;;GAMG;AACH,MAAM,oBAA0B,MAAyB;;;;;wBACrC,qBAAM,IAAI,CAAC,SAAS,CAAC,EAAE,CAAC,QAAQ,CAAC,CACjD,IAAI,CAAC,OAAO,CAAC,OAAO,CAAC,GAAG,EAAE,EAAE,MAAM,CAAC,IAAI,CAAC,EACxC,MAAM,CACP,EAAA;;oBAHK,SAAS,GAAG,SAGjB;oBACD,OAAO,CAAC,GAAG,CAAC,SAAS,CAAC,CAAC;oBACjB,SAAS,GAAG,IAAI,CAAC,QAAQ,CAAC,SAAS,EAAE,EAAE,MAAM,EAAE,aAAa,EAAE,CAAC,CAAC;oBACtE,sBAAO,SAAS,EAAC;;;;CAClB;AAiBD;;;;;;;GAOG;AACH,MAAM,qBACJ,MAA0B,EAC1B,OAAY;IAAZ,wBAAA,EAAA,YAAY;;;;;;oBAGV,OAAO,GAML,MAAM,QAND,EACP,OAAO,GAKL,MAAM,QALD,EACP,GAAG,GAID,MAAM,IAJL,EACH,gBAAgB,GAGd,MAAM,iBAHQ,EAChB,SAAS,GAEP,MAAM,UAFC,EACT,aAAa,GACX,MAAM,cADK,CACJ;oBACM,qBAAM,OAAO,CAAC,IAAI,CAAC,gBAAgB,EAAE;4BACpD,IAAI,EAAE,EAAE,UAAU,EAAE,oBAAoB,EAAE,SAAS,WAAA,EAAE,aAAa,eAAA,EAAE;yBACrE,CAAC,EAAA;;oBAFI,QAAQ,GAAG,SAEf;oBACM,YAAY,GAAK,IAAI,CAAC,KAAK,CAAC,QAAQ,CAAC,aAAzB,CAA0B;oBAC5B,qBAAM,OAAO,CAAC,GAAG,CAAC;4BAClC,GAAG,EAAK,GAAG,SAAI,OAAO,SAAI,OAAO,SAAM;4BACvC,OAAO,EAAE;gCACP,aAAa,EAAE,YAAU,YAAc;6BACxC;yBACF,CAAC,EAAA;;oBALI,SAAS,GAAG,SAKhB;oBACF,OAAO,CAAC,GAAG,CAAC,SAAS,CAAC,CAAC;oBACvB,sBAAO,IAAI,CAAC,QAAQ,CAAC,SAAS,CAAC,EAAC;;;;CACjC;AAGD;;;;;;GAMG;AACH,MAAM,wBACJ,MAAoB;IAEpB,MAAM,CAAqB,MAAO,CAAC,IAAI,KAAK,SAAS,CAAC;AACxD,CAAC;AAED;;;;;;;;GAQG;AACH,MAAM,eACJ,MAAoB,EACpB,aAAyB,EACzB,cAA2B;IAD3B,8BAAA,EAAA,yBAAyB;IACzB,+BAAA,EAAA,2BAA2B;;;;;yBAEvB,aAAa,CAAC,MAAM,CAAC,EAArB,wBAAqB;oBAChB,qBAAM,aAAa,CAAC,MAAM,CAAC,EAAA;wBAAlC,sBAAO,SAA2B,EAAC;wBAE5B,qBAAM,cAAc,CAAC,MAAM,CAAC,EAAA;wBAAnC,sBAAO,SAA4B,EAAC;;;;CAEvC;AAID;;;;;;GAMG;AACH,MAAM,0BACJ,MAAoB,EACpB,oBAAuC;IAAvC,qCAAA,EAAA,uCAAuC;IAE/B,IAAA,wBAAO,EAAE,wBAAO,EAAE,0CAAgB,EAAE,sCAAc,CAAY;IACtE,IAAM,aAAa,GAAG,oBAAoB,CAAC,OAAO,CAAC,GAAG,CAAC,aAAa,CAAC,CAAC;IACtE,IAAI,YAA0B,CAAC;IAC/B,EAAE,CAAC,CAAC,cAAc,KAAK,QAAQ,CAAC,CAAC,CAAC;QACxB,IAAA,yHAAW,CAEjB;QACF,YAAY,cACV,OAAO,SAAA;YACP,OAAO,SAAA,IACJ,WAAW,CACf,CAAC;IACJ,CAAC;IAAC,IAAI,CAAC,CAAC;QACN,YAAY,GAAG;YACb,IAAI,EAAE,OAAK,gBAAgB,SAAI,OAAO,SAAI,OAAO,SAAM;SACxD,CAAC;IACJ,CAAC;IACD,MAAM,CAAC,YAAY,CAAC;AACtB,CAAC;AAeD;;;;;GAKG;AACH;IAAA;IAqBA,CAAC;IAZC;;;;;;;OAOG;IACiB,WAAI,GAAxB,UAAyB,MAAoB;;;;;;wBACrC,MAAM,GAAG,eAAe,CAAC,MAAM,CAAC,CAAC;wBACvC,KAAA,IAAI,CAAA;wBAAW,qBAAM,IAAI,CAAC,MAAM,CAAC,EAAA;;wBAAjC,GAAK,OAAO,GAAG,SAAkB,CAAC;;;;;KACnC;IACH,aAAC;AAAD,CAAC,AArBD,IAqBC","sourcesContent":["import * as console from \"console\";\r\nimport * as fs from \"fs\";\r\nimport * as yaml from \"js-yaml\";\r\nimport * as path from \"path\";\r\nimport * as rp from \"request-promise-native\";\r\nimport * as util from \"util\";\r\n\r\nconst EnvYamlType = new yaml.Type(\"!env\", {\r\n  kind: \"scalar\",\r\n  construct: function(string) {\r\n    return process.env[string];\r\n  }\r\n});\r\n\r\nconst SchemaWithEnv = yaml.Schema.create([EnvYamlType]);\r\n\r\n/**\r\n * loads and parses VCAP_SERVICES json from process.env if possible, otherwise falls back to local vcap_servcies json file\r\n *\r\n * @export\r\n * @param {(string | undefined)} vcap_services contents of process.env.vcap_services\r\n * @param {string} [vcaplocalPath=\"./vcap_services.json\"] local vcap_servcies file path\r\n * @returns\r\n */\r\nexport function loadVcapServices(\r\n  vcap_services: string | undefined,\r\n  vcaplocalPath = \"./vcap_services.json\"\r\n) {\r\n  if (vcap_services) {\r\n    return JSON.parse(vcap_services || \"\") || {};\r\n  } else {\r\n    const localPath = path.resolve(process.cwd(), vcaplocalPath);\r\n    return fs.existsSync(localPath)\r\n      ? JSON.parse(fs.readFileSync(localPath, \"utf8\"))\r\n      : {};\r\n  }\r\n}\r\n\r\n/**\r\n * object specifying the local path of the yml file to load\r\n *\r\n * @export\r\n * @interface LocalLoaderConfig\r\n */\r\nexport interface LocalLoaderConfig {\r\n  path: string;\r\n}\r\n\r\n/**\r\n * loads config from local yml file based on the path provided\r\n *\r\n * @export\r\n * @param {LocalLoaderConfig} config object containing the path of the local yml file to load\r\n * @returns {Promise<any>} returns config object parsed from remote yml file\r\n */\r\nexport async function loadLocal(config: LocalLoaderConfig): Promise<any> {\r\n  const ymlString = await util.promisify(fs.readFile)(\r\n    path.resolve(process.cwd(), config.path),\r\n    \"utf8\"\r\n  );\r\n  console.log(ymlString);\r\n  const appConfig = yaml.safeLoad(ymlString, { schema: SchemaWithEnv });\r\n  return appConfig;\r\n}\r\n\r\n/**\r\n * object specifying connection details of a Spring Cloud Config Server\r\n *\r\n * @export\r\n * @interface RemoteLoaderConfig\r\n */\r\nexport interface RemoteLoaderConfig {\r\n  appName: string;\r\n  profile: string;\r\n  access_token_uri: string;\r\n  uri: string;\r\n  client_id: string;\r\n  client_secret: string;\r\n}\r\n\r\n/**\r\n * Uses credentials pulled from VCAP_SERVICES to authenticate via OAUTH2 and pulls configuration from bound Spring Cloud Config Server based on app name and profile\r\n *\r\n * @export\r\n * @param {RemoteLoaderConfig} config object specifying connection details of a Spring Cloud Config Server\r\n * @param {any} [request=rp] optional request object to use for making calls to config server (defaults to request-promise-native)\r\n * @returns {Promise<any>} returns config object parsed from remote yml file\r\n */\r\nexport async function loadRemote(\r\n  config: RemoteLoaderConfig,\r\n  request = rp\r\n): Promise<any> {\r\n  const {\r\n    appName,\r\n    profile,\r\n    uri,\r\n    access_token_uri,\r\n    client_id,\r\n    client_secret\r\n  } = config;\r\n  const response = await request.post(access_token_uri, {\r\n    form: { grant_type: \"client_credentials\", client_id, client_secret }\r\n  });\r\n  const { access_token } = JSON.parse(response);\r\n  const ymlString = await request.get({\r\n    uri: `${uri}/${appName}-${profile}.yml`,\r\n    headers: {\r\n      authorization: `bearer ${access_token}`\r\n    }\r\n  });\r\n  console.log(ymlString);\r\n  return yaml.safeLoad(ymlString);\r\n}\r\n\r\nexport type LoaderConfig = LocalLoaderConfig | RemoteLoaderConfig;\r\n/**\r\n * Tests to see if provided LoaderConfig is a LocalLoaderConfig\r\n *\r\n * @export\r\n * @param {LoaderConfig} config\r\n * @returns {config is LocalLoaderConfig}\r\n */\r\nexport function isLocalConfig(\r\n  config: LoaderConfig\r\n): config is LocalLoaderConfig {\r\n  return (<LocalLoaderConfig>config).path !== undefined;\r\n}\r\n\r\n/**\r\n * Loads configuration from either remote or local location based on provided configuration object\r\n *\r\n * @export\r\n * @param {LoaderConfig} config Object containing parameters to use for loading configuration\r\n * @param {any} [loadLocalFunc=loadLocal] function responsible for loading local yml file\r\n * @param {any} [loadRemoteFunc=loadRemote] function responsible for loading config from Spring Cloud Config Server\r\n * @returns {Promise<any>} returns loaded configuration object\r\n */\r\nexport async function load(\r\n  config: LoaderConfig,\r\n  loadLocalFunc = loadLocal,\r\n  loadRemoteFunc = loadRemote\r\n): Promise<any> {\r\n  if (isLocalConfig(config)) {\r\n    return await loadLocalFunc(config);\r\n  } else {\r\n    return await loadRemoteFunc(config);\r\n  }\r\n}\r\n\r\nexport type ConfigLocation = \"local\" | \"remote\";\r\n\r\n/**\r\n * Generated appropriate loader config file based on whether configuration is to be loaded locally or remotely\r\n *\r\n * @export\r\n * @param {ConfigParams} params contains paramters used to load correct configuration\r\n * @returns {LoaderConfig} either a LocalLoaderConfig or a RemoteLoaderConfig\r\n */\r\nexport function getLoaderConfig(\r\n  params: ConfigParams,\r\n  loadVcapServicesFunc = loadVcapServices\r\n): LoaderConfig {\r\n  const { appName, profile, configServerName, configLocation } = params;\r\n  const vcap_services = loadVcapServicesFunc(process.env.VCAP_SERVICES);\r\n  let loaderConfig: LoaderConfig;\r\n  if (configLocation === \"remote\") {\r\n    const { credentials } = vcap_services[\"p-config-server\"].find(\r\n      cfg => cfg.name === configServerName\r\n    );\r\n    loaderConfig = {\r\n      appName,\r\n      profile,\r\n      ...credentials\r\n    };\r\n  } else {\r\n    loaderConfig = {\r\n      path: `./${configServerName}/${appName}-${profile}.yml`\r\n    };\r\n  }\r\n  return loaderConfig;\r\n}\r\n\r\n/**\r\n * contains required paramters for loading application configuration\r\n *\r\n * @export\r\n * @interface ConfigParams\r\n */\r\nexport interface ConfigParams {\r\n  appName: string;\r\n  profile: string;\r\n  configServerName: string;\r\n  configLocation: ConfigLocation;\r\n}\r\n\r\n/**\r\n * Config class contains the global app configuration once loaded\r\n *\r\n * @export\r\n * @class Config\r\n */\r\nexport class Config {\r\n  /**\r\n   * the currently loaded app config\r\n   *\r\n   * @static\r\n   * @type {*}\r\n   * @memberof Config\r\n   */\r\n  public static current: any;\r\n  /**\r\n   * loads the app config *must be called during the start of the application*\r\n   *\r\n   * @static\r\n   * @param {ConfigParams} params\r\n   * @returns {Promise<void>}\r\n   * @memberof Config\r\n   */\r\n  public static async load(params: ConfigParams): Promise<void> {\r\n    const config = getLoaderConfig(params);\r\n    this.current = await load(config);\r\n  }\r\n}\r\n"]},"_coverageSchema":"332fd63041d2c1bcb487cc26dd0d5f7d97098a6c","hash":"41e363eefb63122a1f5cde972887961fb79c7d3f"}
}
