TN:
SF:C:\Source\Github\cloud-foundry-config-client\src\cloudFoundryConfigClient.ts
FN:1,(anonymous_0)
FN:9,(anonymous_1)
FN:10,(anonymous_2)
FN:11,fulfilled
FN:12,rejected
FN:13,step
FN:13,(anonymous_6)
FN:17,(anonymous_7)
FN:18,(anonymous_8)
FN:19,(anonymous_9)
FN:20,verb
FN:20,(anonymous_11)
FN:21,step
FN:52,(anonymous_13)
FN:65,loadVcapServices
FN:84,loadLocal
FN:85,(anonymous_16)
FN:87,(anonymous_17)
FN:107,loadRemote
FN:109,(anonymous_19)
FN:111,(anonymous_20)
FN:142,isLocalConfig
FN:154,load
FN:157,(anonymous_23)
FN:158,(anonymous_24)
FN:177,getLoaderConfig
FN:183,(anonymous_26)
FN:200,(anonymous_27)
FN:201,Config
FN:211,(anonymous_29)
FN:212,(anonymous_30)
FN:214,(anonymous_31)
FNF:32
FNH:25
FNDA:0,(anonymous_0)
FNDA:5,(anonymous_1)
FNDA:5,(anonymous_2)
FNDA:5,fulfilled
FNDA:1,rejected
FNDA:10,step
FNDA:6,(anonymous_6)
FNDA:5,(anonymous_7)
FNDA:6,(anonymous_8)
FNDA:0,(anonymous_9)
FNDA:15,verb
FNDA:11,(anonymous_11)
FNDA:11,step
FNDA:0,(anonymous_13)
FNDA:6,loadVcapServices
FNDA:2,loadLocal
FNDA:2,(anonymous_16)
FNDA:4,(anonymous_17)
FNDA:1,loadRemote
FNDA:1,(anonymous_19)
FNDA:3,(anonymous_20)
FNDA:4,isLocalConfig
FNDA:2,load
FNDA:2,(anonymous_23)
FNDA:5,(anonymous_24)
FNDA:2,getLoaderConfig
FNDA:1,(anonymous_26)
FNDA:1,(anonymous_27)
FNDA:0,Config
FNDA:0,(anonymous_29)
FNDA:0,(anonymous_30)
FNDA:0,(anonymous_31)
DA:1,1
DA:2,0
DA:3,0
DA:4,0
DA:5,0
DA:7,0
DA:9,1
DA:10,5
DA:11,5
DA:12,1
DA:13,10
DA:14,5
DA:17,1
DA:18,6
DA:19,5
DA:20,15
DA:22,11
DA:23,23
DA:24,23
DA:25,23
DA:26,23
DA:27,11
DA:28,6
DA:29,0
DA:30,0
DA:32,6
DA:33,1
DA:34,0
DA:35,0
DA:36,0
DA:37,0
DA:39,12
DA:40,23
DA:41,5
DA:50,1
DA:53,0
DA:56,1
DA:66,6
DA:67,6
DA:68,1
DA:71,5
DA:72,5
DA:85,2
DA:87,2
DA:88,4
DA:89,2
DA:91,2
DA:92,1
DA:93,1
DA:94,1
DA:108,1
DA:109,1
DA:111,1
DA:112,3
DA:114,1
DA:115,1
DA:119,1
DA:120,1
DA:121,1
DA:128,1
DA:129,1
DA:130,1
DA:143,4
DA:155,2
DA:156,2
DA:157,2
DA:158,2
DA:159,5
DA:161,2
DA:162,1
DA:163,1
DA:164,1
DA:165,1
DA:178,2
DA:179,2
DA:180,2
DA:182,2
DA:183,1
DA:184,1
DA:188,1
DA:192,2
DA:200,1
DA:211,1
DA:212,0
DA:214,0
DA:215,0
DA:217,0
DA:218,0
DA:219,0
DA:221,0
DA:222,0
DA:227,1
LF:92
LH:72
BRDA:1,0,0,1
BRDA:1,0,1,0
BRDA:1,0,2,1
BRDA:1,0,3,0
BRDA:4,1,0,0
BRDA:4,1,1,0
BRDA:9,2,0,1
BRDA:9,2,1,0
BRDA:9,2,2,1
BRDA:10,3,0,5
BRDA:10,3,1,5
BRDA:13,4,0,4
BRDA:13,4,1,6
BRDA:14,5,0,5
BRDA:14,5,1,5
BRDA:17,6,0,1
BRDA:17,6,1,0
BRDA:17,6,2,1
BRDA:18,7,0,1
BRDA:18,7,1,5
BRDA:19,8,0,5
BRDA:19,8,1,5
BRDA:22,9,0,0
BRDA:22,9,1,11
BRDA:24,10,0,0
BRDA:24,10,1,23
BRDA:24,11,0,23
BRDA:24,11,1,0
BRDA:24,11,2,0
BRDA:24,12,0,0
BRDA:24,12,1,0
BRDA:24,13,0,0
BRDA:24,13,1,0
BRDA:25,14,0,0
BRDA:25,14,1,23
BRDA:26,15,0,10
BRDA:26,15,1,11
BRDA:26,15,2,6
BRDA:26,15,3,0
BRDA:26,15,4,0
BRDA:26,15,5,6
BRDA:32,16,0,5
BRDA:32,16,1,1
BRDA:32,17,0,6
BRDA:32,17,1,6
BRDA:32,17,2,5
BRDA:32,18,0,6
BRDA:32,18,1,0
BRDA:33,19,0,1
BRDA:33,19,1,0
BRDA:33,20,0,1
BRDA:33,20,1,1
BRDA:33,20,2,0
BRDA:33,20,3,0
BRDA:34,21,0,0
BRDA:34,21,1,0
BRDA:34,22,0,0
BRDA:34,22,1,0
BRDA:35,23,0,0
BRDA:35,23,1,0
BRDA:35,24,0,0
BRDA:35,24,1,0
BRDA:36,25,0,0
BRDA:36,25,1,0
BRDA:41,26,0,1
BRDA:41,26,1,4
BRDA:41,27,0,4
BRDA:41,27,1,0
BRDA:66,28,0,1
BRDA:66,28,1,5
BRDA:67,29,0,1
BRDA:67,29,1,5
BRDA:68,30,0,1
BRDA:68,30,1,0
BRDA:68,31,0,1
BRDA:68,31,1,0
BRDA:72,32,0,5
BRDA:72,32,1,0
BRDA:88,33,0,2
BRDA:88,33,1,2
BRDA:108,34,0,0
BRDA:108,34,1,1
BRDA:112,35,0,1
BRDA:112,35,1,1
BRDA:112,35,2,1
BRDA:155,36,0,0
BRDA:155,36,1,2
BRDA:156,37,0,1
BRDA:156,37,1,1
BRDA:159,38,0,2
BRDA:159,38,1,1
BRDA:159,38,2,1
BRDA:159,38,3,1
BRDA:161,39,0,1
BRDA:161,39,1,1
BRDA:178,40,0,0
BRDA:178,40,1,2
BRDA:182,41,0,1
BRDA:182,41,1,1
BRDA:215,42,0,0
BRDA:215,42,1,0
BRF:101
BRH:61
end_of_record
